<?xml version="1.0" encoding="UTF-8"?>
<testng-results skipped="0" failed="0" total="1" passed="1">
  <reporter-output>
  </reporter-output>
  <suite name="Regression" duration-ms="86805" started-at="2018-01-07T22:31:54Z" finished-at="2018-01-07T22:33:21Z">
    <groups>
      <group name="cucumber">
        <method signature="AbstractTestNGCucumberTests.feature(cucumber.api.testng.CucumberFeatureWrapper)[pri:0, instance:runner.TestRun@6615435c]" name="feature" class="cucumber.api.testng.AbstractTestNGCucumberTests"/>
      </group> <!-- cucumber -->
    </groups>
    <test name="Chrome" duration-ms="86805" started-at="2018-01-07T22:31:54Z" finished-at="2018-01-07T22:33:21Z">
      <class name="runner.TestRun">
        <test-method status="PASS" signature="setUpClass()[pri:0, instance:runner.TestRun@6615435c]" name="setUpClass" is-config="true" duration-ms="517" started-at="2018-01-07T22:31:54Z" finished-at="2018-01-07T22:31:55Z">
          <reporter-output>
          </reporter-output>
        </test-method> <!-- setUpClass -->
        <test-method status="PASS" signature="feature(cucumber.api.testng.CucumberFeatureWrapper)[pri:0, instance:runner.TestRun@6615435c]" name="feature" duration-ms="86095" started-at="2018-01-07T22:31:55Z" description="Runs Cucumber Feature" data-provider="features" finished-at="2018-01-07T22:33:21Z">
          <params>
            <param index="0">
              <value>
                <![CDATA[Login to the application and validate the page for Ooyala application]]>
              </value>
            </param>
          </params>
          <reporter-output>
          </reporter-output>
        </test-method> <!-- feature -->
        <test-method status="PASS" signature="tearDownClass()[pri:0, instance:runner.TestRun@6615435c]" name="tearDownClass" is-config="true" duration-ms="16" started-at="2018-01-07T22:33:21Z" finished-at="2018-01-07T22:33:21Z">
          <reporter-output>
          </reporter-output>
        </test-method> <!-- tearDownClass -->
      </class> <!-- runner.TestRun -->
    </test> <!-- Chrome -->
  </suite> <!-- Regression -->
</testng-results>
