<?xml version="1.0" encoding="UTF-8"?>
<testng-results skipped="0" failed="0" total="1" passed="1">
  <reporter-output>
    <line>
      <![CDATA[Login page is displayed successfully]]>
    </line>
    <line>
      <![CDATA[problem!!Logging into the application]]>
    </line>
  </reporter-output>
  <suite name="Regression" duration-ms="12445" started-at="2018-02-20T11:50:12Z" finished-at="2018-02-20T11:50:25Z">
    <groups>
      <group name="cucumber">
        <method signature="AbstractTestNGCucumberTests.feature(cucumber.api.testng.CucumberFeatureWrapper)[pri:0, instance:test.java.runner.TestRun@13c78c0b]" name="feature" class="cucumber.api.testng.AbstractTestNGCucumberTests"/>
      </group> <!-- cucumber -->
    </groups>
    <test name="Chrome" duration-ms="12445" started-at="2018-02-20T11:50:12Z" finished-at="2018-02-20T11:50:25Z">
      <class name="test.java.runner.TestRun">
        <test-method status="PASS" signature="getBrowserType(org.testng.ITestContext)[pri:0, instance:test.java.runner.TestRun@13c78c0b]" name="getBrowserType" is-config="true" duration-ms="10" started-at="2018-02-20T11:50:12Z" finished-at="2018-02-20T11:50:12Z">
          <params>
            <param index="0">
              <value>
                <![CDATA[org.testng.TestRunner@2b98378d]]>
              </value>
            </param>
          </params>
          <reporter-output>
          </reporter-output>
        </test-method> <!-- getBrowserType -->
        <test-method status="PASS" signature="setUpClass()[pri:0, instance:test.java.runner.TestRun@13c78c0b]" name="setUpClass" is-config="true" duration-ms="419" started-at="2018-02-20T11:50:12Z" finished-at="2018-02-20T11:50:13Z">
          <reporter-output>
          </reporter-output>
        </test-method> <!-- setUpClass -->
        <test-method status="PASS" signature="feature(cucumber.api.testng.CucumberFeatureWrapper)[pri:0, instance:test.java.runner.TestRun@13c78c0b]" name="feature" duration-ms="11884" started-at="2018-02-20T11:50:13Z" description="Runs Cucumber Feature" data-provider="features" finished-at="2018-02-20T11:50:25Z">
          <params>
            <param index="0">
              <value>
                <![CDATA[Login to the application and validate the page for Ooyala application]]>
              </value>
            </param>
          </params>
          <reporter-output>
            <line>
              <![CDATA[Login page is displayed successfully]]>
            </line>
            <line>
              <![CDATA[problem!!Logging into the application]]>
            </line>
          </reporter-output>
        </test-method> <!-- feature -->
        <test-method status="PASS" signature="tearDownClass()[pri:0, instance:test.java.runner.TestRun@13c78c0b]" name="tearDownClass" is-config="true" duration-ms="7" started-at="2018-02-20T11:50:25Z" finished-at="2018-02-20T11:50:25Z">
          <reporter-output>
          </reporter-output>
        </test-method> <!-- tearDownClass -->
      </class> <!-- test.java.runner.TestRun -->
    </test> <!-- Chrome -->
  </suite> <!-- Regression -->
</testng-results>
